<?xml version="1.0" encoding="UTF-8"?>
<!-- Generated by org.testng.reporters.JUnitReportReporter -->
<testsuite hostname="LAPTOP-HQ4UE347" failures="0" tests="1" name="com.TestCases.ProductCartTestCases" time="24.460" errors="0" timestamp="2024-02-04T18:54:13 IST" skipped="0">
  <testcase classname="com.TestCases.ProductCartTestCases" name="verifyproductprice" time="24.460"/>
  <system-out/>
</testsuite> <!-- com.TestCases.ProductCartTestCases -->
