<?xml version="1.0" encoding="UTF-8"?>
<!-- Generated by org.testng.reporters.JUnitReportReporter -->
<testsuite hostname="LAPTOP-HQ4UE347" failures="0" tests="2" name="com.TestCases.RegisterTestCases" time="21.674" errors="0" timestamp="2024-02-04T18:54:13 IST" skipped="0">
  <testcase classname="com.TestCases.RegisterTestCases" name="verifyValidRegisteration" time="14.579"/>
  <system-out/>
  <testcase classname="com.TestCases.RegisterTestCases" name="verifyInValidRegisteration" time="7.095"/>
  <system-out/>
</testsuite> <!-- com.TestCases.RegisterTestCases -->
