<?xml version="1.0" encoding="UTF-8"?>
<!-- Generated by org.testng.reporters.JUnitReportReporter -->
<testsuite hostname="LAPTOP-HQ4UE347" failures="0" tests="2" name="com.TestCases.LoginTestCases" time="26.496" errors="0" timestamp="2024-02-04T18:54:13 IST" skipped="0">
  <testcase classname="com.TestCases.LoginTestCases" name="verifyValidLogin" time="16.566"/>
  <system-out/>
  <testcase classname="com.TestCases.LoginTestCases" name="verifyInValidLogin" time="9.930"/>
  <system-out/>
</testsuite> <!-- com.TestCases.LoginTestCases -->
