<?xml version="1.0" encoding="UTF-8"?>
<!-- Generated by org.testng.reporters.JUnitReportReporter -->
<testsuite hostname="LAPTOP-HQ4UE347" failures="0" tests="1" name="com.TestCases.ProductCartTestCases" time="21.483" errors="0" timestamp="2024-02-06T23:06:26 IST" skipped="0">
  <testcase classname="com.TestCases.ProductCartTestCases" name="verifyproductprice" time="21.483"/>
  <system-out/>
</testsuite> <!-- com.TestCases.ProductCartTestCases -->
