<?xml version="1.0" encoding="UTF-8"?>
<!-- Generated by org.testng.reporters.JUnitReportReporter -->
<testsuite hostname="LAPTOP-HQ4UE347" failures="0" tests="2" name="com.TestCases.LoginTestCases" time="16.566" errors="0" timestamp="2024-02-06T23:06:26 IST" skipped="0">
  <testcase classname="com.TestCases.LoginTestCases" name="verifyInValidLogin" time="7.594"/>
  <system-out/>
  <testcase classname="com.TestCases.LoginTestCases" name="verifyValidLogin" time="8.972"/>
  <system-out/>
</testsuite> <!-- com.TestCases.LoginTestCases -->
