<?xml version="1.0" encoding="UTF-8"?>
<!-- Generated by org.testng.reporters.JUnitReportReporter -->
<testsuite hostname="LAPTOP-HQ4UE347" failures="0" tests="2" name="com.TestCases.RegisterTestCases" time="18.169" errors="0" timestamp="2024-02-06T23:06:26 IST" skipped="0">
  <testcase classname="com.TestCases.RegisterTestCases" name="verifyValidRegisteration" time="12.402"/>
  <system-out/>
  <testcase classname="com.TestCases.RegisterTestCases" name="verifyInValidRegisteration" time="5.767"/>
  <system-out/>
</testsuite> <!-- com.TestCases.RegisterTestCases -->
